[debug] [2023-09-19T13:56:06.299Z] ----------------------------------------------------------------------
[debug] [2023-09-19T13:56:06.301Z] Command:       C:\Program Files\nodejs\node.exe C:\Users\gearmak\AppData\Roaming\npm\node_modules\firebase-tools\lib\bin\firebase.js init
[debug] [2023-09-19T13:56:06.301Z] CLI Version:   12.5.4
[debug] [2023-09-19T13:56:06.302Z] Platform:      win32
[debug] [2023-09-19T13:56:06.302Z] Node Version:  v18.17.0
[debug] [2023-09-19T13:56:06.303Z] Time:          Tue Sep 19 2023 16:56:06 GMT+0300 (East Africa Time)
[debug] [2023-09-19T13:56:06.303Z] ----------------------------------------------------------------------
[debug] 
[debug] [2023-09-19T13:56:06.310Z] > command requires scopes: ["email","openid","https://www.googleapis.com/auth/cloudplatformprojects.readonly","https://www.googleapis.com/auth/firebase","https://www.googleapis.com/auth/cloud-platform"]
[debug] [2023-09-19T13:56:06.310Z] > authorizing via signed-in user (ayalneh534@gmail.com)
[info] 
     ######## #### ########  ######## ########     ###     ######  ########
     ##        ##  ##     ## ##       ##     ##  ##   ##  ##       ##
     ######    ##  ########  ######   ########  #########  ######  ######
     ##        ##  ##    ##  ##       ##     ## ##     ##       ## ##
     ##       #### ##     ## ######## ########  ##     ##  ######  ########

You're about to initialize a Firebase project in this directory:

  I:\projects\Netflixclone\NetflixClone\netfix_clone

[info] 
=== Project Setup
[info] 
[info] First, let's associate this project directory with a Firebase project.
[info] You can create multiple project aliases by running firebase use --add, 
[info] but for now we'll just set up a default project.
[info] 
[debug] [2023-09-19T13:58:32.477Z] >>> [apiv2][query] GET https://firebase.googleapis.com/v1beta1/projects pageSize=100
[debug] [2023-09-19T13:58:44.556Z] *** [apiv2] error from fetch(https://firebase.googleapis.com/v1beta1/projects?pageSize=100, {"headers":{},"method":"GET","signal":{}}): FetchError: request to https://firebase.googleapis.com/v1beta1/projects?pageSize=100 failed, reason: getaddrinfo ENOTFOUND firebase.googleapis.com
[debug] [2023-09-19T13:58:44.556Z] Failed to make request to https://firebase.googleapis.com/v1beta1/projects?pageSize=100
[debug] [2023-09-19T13:58:49.566Z] Error: Timed out.
    at Timeout._onTimeout (C:\Users\gearmak\AppData\Roaming\npm\node_modules\firebase-tools\lib\utils.js:254:49)
    at listOnTimeout (node:internal/timers:569:17)
    at process.processTimers (node:internal/timers:512:7)
[error] 
[error] Error: An unexpected error has occurred.
[debug] [2023-09-19T13:59:18.003Z] ----------------------------------------------------------------------
[debug] [2023-09-19T13:59:18.005Z] Command:       C:\Program Files\nodejs\node.exe C:\Users\gearmak\AppData\Roaming\npm\node_modules\firebase-tools\lib\bin\firebase.js init
[debug] [2023-09-19T13:59:18.005Z] CLI Version:   12.5.4
[debug] [2023-09-19T13:59:18.005Z] Platform:      win32
[debug] [2023-09-19T13:59:18.006Z] Node Version:  v18.17.0
[debug] [2023-09-19T13:59:18.006Z] Time:          Tue Sep 19 2023 16:59:18 GMT+0300 (East Africa Time)
[debug] [2023-09-19T13:59:18.006Z] ----------------------------------------------------------------------
[debug] 
[debug] [2023-09-19T13:59:18.014Z] > command requires scopes: ["email","openid","https://www.googleapis.com/auth/cloudplatformprojects.readonly","https://www.googleapis.com/auth/firebase","https://www.googleapis.com/auth/cloud-platform"]
[debug] [2023-09-19T13:59:18.014Z] > authorizing via signed-in user (ayalneh534@gmail.com)
[info] 
     ######## #### ########  ######## ########     ###     ######  ########
     ##        ##  ##     ## ##       ##     ##  ##   ##  ##       ##
     ######    ##  ########  ######   ########  #########  ######  ######
     ##        ##  ##    ##  ##       ##     ## ##     ##       ## ##
     ##       #### ##     ## ######## ########  ##     ##  ######  ########

You're about to initialize a Firebase project in this directory:

  I:\projects\Netflixclone\NetflixClone\netfix_clone

[info] 
=== Project Setup
[info] 
[info] First, let's associate this project directory with a Firebase project.
[info] You can create multiple project aliases by running firebase use --add, 
[info] but for now we'll just set up a default project.
[info] 
[info] i  If you want to create a project in a Google Cloud organization or folder, please use "firebase projects:create" instead, and return to this command when you've created the project. 
